2022-05-11 22:50:32,541 [INFO] sqlalchemy.engine.Engine: BEGIN (implicit)
2022-05-11 22:50:32,542 [INFO] sqlalchemy.engine.Engine: PRAGMA main.table_info("transactions")
2022-05-11 22:50:32,542 [INFO] sqlalchemy.engine.Engine: [raw sql] ()
2022-05-11 22:50:32,543 [INFO] sqlalchemy.engine.Engine: PRAGMA temp.table_info("transactions")
2022-05-11 22:50:32,543 [INFO] sqlalchemy.engine.Engine: [raw sql] ()
2022-05-11 22:50:32,544 [INFO] sqlalchemy.engine.Engine: PRAGMA main.table_info("users")
2022-05-11 22:50:32,544 [INFO] sqlalchemy.engine.Engine: [raw sql] ()
2022-05-11 22:50:32,545 [INFO] sqlalchemy.engine.Engine: PRAGMA temp.table_info("users")
2022-05-11 22:50:32,545 [INFO] sqlalchemy.engine.Engine: [raw sql] ()
2022-05-11 22:50:32,586 [INFO] sqlalchemy.engine.Engine: 
CREATE TABLE users (
	id INTEGER NOT NULL, 
	email VARCHAR(120) NOT NULL, 
	password VARCHAR(300) NOT NULL, 
	about VARCHAR(300), 
	balance FLOAT, 
	authenticated BOOLEAN, 
	registered_on DATETIME, 
	is_active BOOLEAN DEFAULT '1' NOT NULL, 
	is_admin BOOLEAN DEFAULT '0' NOT NULL, 
	PRIMARY KEY (id), 
	UNIQUE (email)
)


2022-05-11 22:50:32,587 [INFO] sqlalchemy.engine.Engine: [no key 0.00051s] ()
2022-05-11 22:50:32,587 [INFO] sqlalchemy.engine.Engine: 
CREATE TABLE transactions (
	id INTEGER NOT NULL, 
	amount FLOAT, 
	account_type VARCHAR(300), 
	user_id INTEGER, 
	PRIMARY KEY (id), 
	FOREIGN KEY(user_id) REFERENCES users (id)
)


2022-05-11 22:50:32,588 [INFO] sqlalchemy.engine.Engine: [no key 0.00045s] ()
2022-05-11 22:50:32,589 [INFO] sqlalchemy.engine.Engine: COMMIT
2022-05-11 22:50:32,592 [INFO] sqlalchemy.engine.Engine: BEGIN (implicit)
2022-05-11 22:50:32,592 [INFO] sqlalchemy.engine.Engine: PRAGMA main.table_info("transactions")
2022-05-11 22:50:32,593 [INFO] sqlalchemy.engine.Engine: [raw sql] ()
2022-05-11 22:50:32,593 [INFO] sqlalchemy.engine.Engine: PRAGMA main.table_info("users")
2022-05-11 22:50:32,593 [INFO] sqlalchemy.engine.Engine: [raw sql] ()
2022-05-11 22:50:32,594 [INFO] sqlalchemy.engine.Engine: COMMIT
2022-05-11 22:50:32,596 [INFO] sqlalchemy.engine.Engine: BEGIN (implicit)
2022-05-11 22:50:32,596 [INFO] sqlalchemy.engine.Engine: PRAGMA main.table_info("transactions")
2022-05-11 22:50:32,597 [INFO] sqlalchemy.engine.Engine: [raw sql] ()
2022-05-11 22:50:32,597 [INFO] sqlalchemy.engine.Engine: PRAGMA main.table_info("users")
2022-05-11 22:50:32,597 [INFO] sqlalchemy.engine.Engine: [raw sql] ()
2022-05-11 22:50:32,598 [INFO] sqlalchemy.engine.Engine: COMMIT
2022-05-11 22:50:32,774 [INFO] sqlalchemy.engine.Engine: BEGIN (implicit)
2022-05-11 22:50:32,775 [INFO] sqlalchemy.engine.Engine: PRAGMA main.table_info("transactions")
2022-05-11 22:50:32,775 [INFO] sqlalchemy.engine.Engine: [raw sql] ()
2022-05-11 22:50:32,776 [INFO] sqlalchemy.engine.Engine: PRAGMA temp.table_info("transactions")
2022-05-11 22:50:32,777 [INFO] sqlalchemy.engine.Engine: [raw sql] ()
2022-05-11 22:50:32,777 [INFO] sqlalchemy.engine.Engine: PRAGMA main.table_info("users")
2022-05-11 22:50:32,777 [INFO] sqlalchemy.engine.Engine: [raw sql] ()
2022-05-11 22:50:32,778 [INFO] sqlalchemy.engine.Engine: PRAGMA temp.table_info("users")
2022-05-11 22:50:32,778 [INFO] sqlalchemy.engine.Engine: [raw sql] ()
2022-05-11 22:50:32,779 [INFO] sqlalchemy.engine.Engine: 
CREATE TABLE users (
	id INTEGER NOT NULL, 
	email VARCHAR(120) NOT NULL, 
	password VARCHAR(300) NOT NULL, 
	about VARCHAR(300), 
	balance FLOAT, 
	authenticated BOOLEAN, 
	registered_on DATETIME, 
	is_active BOOLEAN DEFAULT '1' NOT NULL, 
	is_admin BOOLEAN DEFAULT '0' NOT NULL, 
	PRIMARY KEY (id), 
	UNIQUE (email)
)


2022-05-11 22:50:32,779 [INFO] sqlalchemy.engine.Engine: [no key 0.00031s] ()
2022-05-11 22:50:32,780 [INFO] sqlalchemy.engine.Engine: 
CREATE TABLE transactions (
	id INTEGER NOT NULL, 
	amount FLOAT, 
	account_type VARCHAR(300), 
	user_id INTEGER, 
	PRIMARY KEY (id), 
	FOREIGN KEY(user_id) REFERENCES users (id)
)


2022-05-11 22:50:32,780 [INFO] sqlalchemy.engine.Engine: [no key 0.00029s] ()
2022-05-11 22:50:32,780 [INFO] sqlalchemy.engine.Engine: COMMIT
2022-05-11 22:50:32,785 [INFO] sqlalchemy.engine.Engine: BEGIN (implicit)
2022-05-11 22:50:32,786 [INFO] sqlalchemy.engine.Engine: INSERT INTO users (email, password, about, balance, authenticated, registered_on) VALUES (?, ?, ?, ?, ?, ?)
2022-05-11 22:50:32,787 [INFO] sqlalchemy.engine.Engine: [generated in 0.00059s] ('ellis@gmail.com', 'abc1234', None, 0.0, 0, '2022-05-11 22:50:32.784471')
2022-05-11 22:50:32,788 [INFO] sqlalchemy.engine.Engine: COMMIT
2022-05-11 22:50:32,789 [INFO] sqlalchemy.engine.Engine: BEGIN (implicit)
2022-05-11 22:50:32,792 [INFO] sqlalchemy.engine.Engine: SELECT users.is_active AS users_is_active, users.id AS users_id, users.email AS users_email, users.password AS users_password, users.about AS users_about, users.balance AS users_balance, users.authenticated AS users_authenticated, users.registered_on AS users_registered_on, users.is_admin AS users_is_admin 
FROM users 
WHERE users.id = ?
2022-05-11 22:50:32,793 [INFO] sqlalchemy.engine.Engine: [generated in 0.00067s] (1,)
2022-05-11 22:50:32,795 [INFO] sqlalchemy.engine.Engine: UPDATE users SET balance=? WHERE users.id = ?
2022-05-11 22:50:32,795 [INFO] sqlalchemy.engine.Engine: [generated in 0.00055s] (5.0, 1)
2022-05-11 22:50:32,798 [INFO] sqlalchemy.engine.Engine: SELECT transactions.id AS transactions_id, transactions.amount AS transactions_amount, transactions.account_type AS transactions_account_type, transactions.user_id AS transactions_user_id 
FROM transactions 
WHERE ? = transactions.user_id
2022-05-11 22:50:32,798 [INFO] sqlalchemy.engine.Engine: [generated in 0.00050s] (1,)
2022-05-11 22:50:32,799 [INFO] sqlalchemy.engine.Engine: ROLLBACK
2022-05-11 22:50:32,817 [INFO] sqlalchemy.engine.Engine: BEGIN (implicit)
2022-05-11 22:50:32,817 [INFO] sqlalchemy.engine.Engine: PRAGMA main.table_info("transactions")
2022-05-11 22:50:32,818 [INFO] sqlalchemy.engine.Engine: [raw sql] ()
2022-05-11 22:50:32,818 [INFO] sqlalchemy.engine.Engine: PRAGMA temp.table_info("transactions")
2022-05-11 22:50:32,818 [INFO] sqlalchemy.engine.Engine: [raw sql] ()
2022-05-11 22:50:32,819 [INFO] sqlalchemy.engine.Engine: PRAGMA main.table_info("users")
2022-05-11 22:50:32,819 [INFO] sqlalchemy.engine.Engine: [raw sql] ()
2022-05-11 22:50:32,820 [INFO] sqlalchemy.engine.Engine: PRAGMA temp.table_info("users")
2022-05-11 22:50:32,820 [INFO] sqlalchemy.engine.Engine: [raw sql] ()
2022-05-11 22:50:32,821 [INFO] sqlalchemy.engine.Engine: 
CREATE TABLE users (
	id INTEGER NOT NULL, 
	email VARCHAR(120) NOT NULL, 
	password VARCHAR(300) NOT NULL, 
	about VARCHAR(300), 
	balance FLOAT, 
	authenticated BOOLEAN, 
	registered_on DATETIME, 
	is_active BOOLEAN DEFAULT '1' NOT NULL, 
	is_admin BOOLEAN DEFAULT '0' NOT NULL, 
	PRIMARY KEY (id), 
	UNIQUE (email)
)


2022-05-11 22:50:32,821 [INFO] sqlalchemy.engine.Engine: [no key 0.00043s] ()
2022-05-11 22:50:32,822 [INFO] sqlalchemy.engine.Engine: 
CREATE TABLE transactions (
	id INTEGER NOT NULL, 
	amount FLOAT, 
	account_type VARCHAR(300), 
	user_id INTEGER, 
	PRIMARY KEY (id), 
	FOREIGN KEY(user_id) REFERENCES users (id)
)


2022-05-11 22:50:32,822 [INFO] sqlalchemy.engine.Engine: [no key 0.00033s] ()
2022-05-11 22:50:32,823 [INFO] sqlalchemy.engine.Engine: COMMIT
2022-05-11 22:50:32,837 [INFO] sqlalchemy.engine.Engine: BEGIN (implicit)
2022-05-11 22:50:32,838 [INFO] sqlalchemy.engine.Engine: PRAGMA main.table_info("transactions")
2022-05-11 22:50:32,838 [INFO] sqlalchemy.engine.Engine: [raw sql] ()
2022-05-11 22:50:32,839 [INFO] sqlalchemy.engine.Engine: PRAGMA temp.table_info("transactions")
2022-05-11 22:50:32,839 [INFO] sqlalchemy.engine.Engine: [raw sql] ()
2022-05-11 22:50:32,839 [INFO] sqlalchemy.engine.Engine: PRAGMA main.table_info("users")
2022-05-11 22:50:32,840 [INFO] sqlalchemy.engine.Engine: [raw sql] ()
2022-05-11 22:50:32,840 [INFO] sqlalchemy.engine.Engine: PRAGMA temp.table_info("users")
2022-05-11 22:50:32,840 [INFO] sqlalchemy.engine.Engine: [raw sql] ()
2022-05-11 22:50:32,841 [INFO] sqlalchemy.engine.Engine: 
CREATE TABLE users (
	id INTEGER NOT NULL, 
	email VARCHAR(120) NOT NULL, 
	password VARCHAR(300) NOT NULL, 
	about VARCHAR(300), 
	balance FLOAT, 
	authenticated BOOLEAN, 
	registered_on DATETIME, 
	is_active BOOLEAN DEFAULT '1' NOT NULL, 
	is_admin BOOLEAN DEFAULT '0' NOT NULL, 
	PRIMARY KEY (id), 
	UNIQUE (email)
)


2022-05-11 22:50:32,841 [INFO] sqlalchemy.engine.Engine: [no key 0.00031s] ()
2022-05-11 22:50:32,842 [INFO] sqlalchemy.engine.Engine: 
CREATE TABLE transactions (
	id INTEGER NOT NULL, 
	amount FLOAT, 
	account_type VARCHAR(300), 
	user_id INTEGER, 
	PRIMARY KEY (id), 
	FOREIGN KEY(user_id) REFERENCES users (id)
)


2022-05-11 22:50:32,842 [INFO] sqlalchemy.engine.Engine: [no key 0.00025s] ()
2022-05-11 22:50:32,842 [INFO] sqlalchemy.engine.Engine: COMMIT
2022-05-11 22:50:32,854 [INFO] sqlalchemy.engine.Engine: BEGIN (implicit)
2022-05-11 22:50:32,855 [INFO] sqlalchemy.engine.Engine: PRAGMA main.table_info("transactions")
2022-05-11 22:50:32,855 [INFO] sqlalchemy.engine.Engine: [raw sql] ()
2022-05-11 22:50:32,856 [INFO] sqlalchemy.engine.Engine: PRAGMA temp.table_info("transactions")
2022-05-11 22:50:32,856 [INFO] sqlalchemy.engine.Engine: [raw sql] ()
2022-05-11 22:50:32,856 [INFO] sqlalchemy.engine.Engine: PRAGMA main.table_info("users")
2022-05-11 22:50:32,857 [INFO] sqlalchemy.engine.Engine: [raw sql] ()
2022-05-11 22:50:32,857 [INFO] sqlalchemy.engine.Engine: PRAGMA temp.table_info("users")
2022-05-11 22:50:32,857 [INFO] sqlalchemy.engine.Engine: [raw sql] ()
2022-05-11 22:50:32,858 [INFO] sqlalchemy.engine.Engine: 
CREATE TABLE users (
	id INTEGER NOT NULL, 
	email VARCHAR(120) NOT NULL, 
	password VARCHAR(300) NOT NULL, 
	about VARCHAR(300), 
	balance FLOAT, 
	authenticated BOOLEAN, 
	registered_on DATETIME, 
	is_active BOOLEAN DEFAULT '1' NOT NULL, 
	is_admin BOOLEAN DEFAULT '0' NOT NULL, 
	PRIMARY KEY (id), 
	UNIQUE (email)
)


2022-05-11 22:50:32,858 [INFO] sqlalchemy.engine.Engine: [no key 0.00031s] ()
2022-05-11 22:50:32,859 [INFO] sqlalchemy.engine.Engine: 
CREATE TABLE transactions (
	id INTEGER NOT NULL, 
	amount FLOAT, 
	account_type VARCHAR(300), 
	user_id INTEGER, 
	PRIMARY KEY (id), 
	FOREIGN KEY(user_id) REFERENCES users (id)
)


2022-05-11 22:50:32,859 [INFO] sqlalchemy.engine.Engine: [no key 0.00026s] ()
2022-05-11 22:50:32,859 [INFO] sqlalchemy.engine.Engine: COMMIT
2022-05-11 22:50:32,872 [INFO] sqlalchemy.engine.Engine: BEGIN (implicit)
2022-05-11 22:50:32,872 [INFO] sqlalchemy.engine.Engine: PRAGMA main.table_info("transactions")
2022-05-11 22:50:32,873 [INFO] sqlalchemy.engine.Engine: [raw sql] ()
2022-05-11 22:50:32,873 [INFO] sqlalchemy.engine.Engine: PRAGMA temp.table_info("transactions")
2022-05-11 22:50:32,874 [INFO] sqlalchemy.engine.Engine: [raw sql] ()
2022-05-11 22:50:32,874 [INFO] sqlalchemy.engine.Engine: PRAGMA main.table_info("users")
2022-05-11 22:50:32,874 [INFO] sqlalchemy.engine.Engine: [raw sql] ()
2022-05-11 22:50:32,875 [INFO] sqlalchemy.engine.Engine: PRAGMA temp.table_info("users")
2022-05-11 22:50:32,875 [INFO] sqlalchemy.engine.Engine: [raw sql] ()
2022-05-11 22:50:32,876 [INFO] sqlalchemy.engine.Engine: 
CREATE TABLE users (
	id INTEGER NOT NULL, 
	email VARCHAR(120) NOT NULL, 
	password VARCHAR(300) NOT NULL, 
	about VARCHAR(300), 
	balance FLOAT, 
	authenticated BOOLEAN, 
	registered_on DATETIME, 
	is_active BOOLEAN DEFAULT '1' NOT NULL, 
	is_admin BOOLEAN DEFAULT '0' NOT NULL, 
	PRIMARY KEY (id), 
	UNIQUE (email)
)


2022-05-11 22:50:32,876 [INFO] sqlalchemy.engine.Engine: [no key 0.00031s] ()
2022-05-11 22:50:32,876 [INFO] sqlalchemy.engine.Engine: 
CREATE TABLE transactions (
	id INTEGER NOT NULL, 
	amount FLOAT, 
	account_type VARCHAR(300), 
	user_id INTEGER, 
	PRIMARY KEY (id), 
	FOREIGN KEY(user_id) REFERENCES users (id)
)


2022-05-11 22:50:32,877 [INFO] sqlalchemy.engine.Engine: [no key 0.00028s] ()
2022-05-11 22:50:32,877 [INFO] sqlalchemy.engine.Engine: COMMIT
2022-05-11 22:50:32,890 [INFO] sqlalchemy.engine.Engine: BEGIN (implicit)
2022-05-11 22:50:32,890 [INFO] sqlalchemy.engine.Engine: PRAGMA main.table_info("transactions")
2022-05-11 22:50:32,891 [INFO] sqlalchemy.engine.Engine: [raw sql] ()
2022-05-11 22:50:32,891 [INFO] sqlalchemy.engine.Engine: PRAGMA temp.table_info("transactions")
2022-05-11 22:50:32,892 [INFO] sqlalchemy.engine.Engine: [raw sql] ()
2022-05-11 22:50:32,892 [INFO] sqlalchemy.engine.Engine: PRAGMA main.table_info("users")
2022-05-11 22:50:32,892 [INFO] sqlalchemy.engine.Engine: [raw sql] ()
2022-05-11 22:50:32,893 [INFO] sqlalchemy.engine.Engine: PRAGMA temp.table_info("users")
2022-05-11 22:50:32,893 [INFO] sqlalchemy.engine.Engine: [raw sql] ()
2022-05-11 22:50:32,893 [INFO] sqlalchemy.engine.Engine: 
CREATE TABLE users (
	id INTEGER NOT NULL, 
	email VARCHAR(120) NOT NULL, 
	password VARCHAR(300) NOT NULL, 
	about VARCHAR(300), 
	balance FLOAT, 
	authenticated BOOLEAN, 
	registered_on DATETIME, 
	is_active BOOLEAN DEFAULT '1' NOT NULL, 
	is_admin BOOLEAN DEFAULT '0' NOT NULL, 
	PRIMARY KEY (id), 
	UNIQUE (email)
)


2022-05-11 22:50:32,894 [INFO] sqlalchemy.engine.Engine: [no key 0.00024s] ()
2022-05-11 22:50:32,894 [INFO] sqlalchemy.engine.Engine: 
CREATE TABLE transactions (
	id INTEGER NOT NULL, 
	amount FLOAT, 
	account_type VARCHAR(300), 
	user_id INTEGER, 
	PRIMARY KEY (id), 
	FOREIGN KEY(user_id) REFERENCES users (id)
)


2022-05-11 22:50:32,894 [INFO] sqlalchemy.engine.Engine: [no key 0.00027s] ()
2022-05-11 22:50:32,895 [INFO] sqlalchemy.engine.Engine: COMMIT
2022-05-11 22:50:32,898 [INFO] sqlalchemy.engine.Engine: BEGIN (implicit)
2022-05-11 22:50:32,899 [INFO] sqlalchemy.engine.Engine: PRAGMA main.table_info("transactions")
2022-05-11 22:50:32,899 [INFO] sqlalchemy.engine.Engine: [raw sql] ()
2022-05-11 22:50:32,899 [INFO] sqlalchemy.engine.Engine: PRAGMA main.table_info("users")
2022-05-11 22:50:32,900 [INFO] sqlalchemy.engine.Engine: [raw sql] ()
2022-05-11 22:50:32,900 [INFO] sqlalchemy.engine.Engine: COMMIT
2022-05-11 22:50:32,902 [INFO] sqlalchemy.engine.Engine: BEGIN (implicit)
2022-05-11 22:50:32,902 [INFO] sqlalchemy.engine.Engine: PRAGMA main.table_info("transactions")
2022-05-11 22:50:32,902 [INFO] sqlalchemy.engine.Engine: [raw sql] ()
2022-05-11 22:50:32,903 [INFO] sqlalchemy.engine.Engine: PRAGMA main.table_info("users")
2022-05-11 22:50:32,903 [INFO] sqlalchemy.engine.Engine: [raw sql] ()
2022-05-11 22:50:32,903 [INFO] sqlalchemy.engine.Engine: COMMIT
2022-05-11 22:50:33,061 [INFO] sqlalchemy.engine.Engine: BEGIN (implicit)
2022-05-11 22:50:33,061 [INFO] sqlalchemy.engine.Engine: PRAGMA main.table_info("transactions")
2022-05-11 22:50:33,062 [INFO] sqlalchemy.engine.Engine: [raw sql] ()
2022-05-11 22:50:33,063 [INFO] sqlalchemy.engine.Engine: PRAGMA temp.table_info("transactions")
2022-05-11 22:50:33,063 [INFO] sqlalchemy.engine.Engine: [raw sql] ()
2022-05-11 22:50:33,064 [INFO] sqlalchemy.engine.Engine: PRAGMA main.table_info("users")
2022-05-11 22:50:33,064 [INFO] sqlalchemy.engine.Engine: [raw sql] ()
2022-05-11 22:50:33,065 [INFO] sqlalchemy.engine.Engine: PRAGMA temp.table_info("users")
2022-05-11 22:50:33,065 [INFO] sqlalchemy.engine.Engine: [raw sql] ()
2022-05-11 22:50:33,066 [INFO] sqlalchemy.engine.Engine: 
CREATE TABLE users (
	id INTEGER NOT NULL, 
	email VARCHAR(120) NOT NULL, 
	password VARCHAR(300) NOT NULL, 
	about VARCHAR(300), 
	balance FLOAT, 
	authenticated BOOLEAN, 
	registered_on DATETIME, 
	is_active BOOLEAN DEFAULT '1' NOT NULL, 
	is_admin BOOLEAN DEFAULT '0' NOT NULL, 
	PRIMARY KEY (id), 
	UNIQUE (email)
)


2022-05-11 22:50:33,066 [INFO] sqlalchemy.engine.Engine: [no key 0.00032s] ()
2022-05-11 22:50:33,067 [INFO] sqlalchemy.engine.Engine: 
CREATE TABLE transactions (
	id INTEGER NOT NULL, 
	amount FLOAT, 
	account_type VARCHAR(300), 
	user_id INTEGER, 
	PRIMARY KEY (id), 
	FOREIGN KEY(user_id) REFERENCES users (id)
)


2022-05-11 22:50:33,067 [INFO] sqlalchemy.engine.Engine: [no key 0.00035s] ()
2022-05-11 22:50:33,068 [INFO] sqlalchemy.engine.Engine: COMMIT
2022-05-11 22:50:33,071 [INFO] sqlalchemy.engine.Engine: BEGIN (implicit)
2022-05-11 22:50:33,072 [INFO] sqlalchemy.engine.Engine: PRAGMA main.table_info("transactions")
2022-05-11 22:50:33,072 [INFO] sqlalchemy.engine.Engine: [raw sql] ()
2022-05-11 22:50:33,072 [INFO] sqlalchemy.engine.Engine: PRAGMA main.table_info("users")
2022-05-11 22:50:33,073 [INFO] sqlalchemy.engine.Engine: [raw sql] ()
2022-05-11 22:50:33,073 [INFO] sqlalchemy.engine.Engine: COMMIT
2022-05-11 22:50:33,075 [INFO] sqlalchemy.engine.Engine: BEGIN (implicit)
2022-05-11 22:50:33,075 [INFO] sqlalchemy.engine.Engine: PRAGMA main.table_info("transactions")
2022-05-11 22:50:33,076 [INFO] sqlalchemy.engine.Engine: [raw sql] ()
2022-05-11 22:50:33,076 [INFO] sqlalchemy.engine.Engine: PRAGMA main.table_info("users")
2022-05-11 22:50:33,076 [INFO] sqlalchemy.engine.Engine: [raw sql] ()
2022-05-11 22:50:33,077 [INFO] sqlalchemy.engine.Engine: COMMIT
2022-05-11 22:50:33,241 [INFO] sqlalchemy.engine.Engine: BEGIN (implicit)
2022-05-11 22:50:33,241 [INFO] sqlalchemy.engine.Engine: PRAGMA main.table_info("transactions")
2022-05-11 22:50:33,242 [INFO] sqlalchemy.engine.Engine: [raw sql] ()
2022-05-11 22:50:33,242 [INFO] sqlalchemy.engine.Engine: PRAGMA temp.table_info("transactions")
2022-05-11 22:50:33,243 [INFO] sqlalchemy.engine.Engine: [raw sql] ()
2022-05-11 22:50:33,243 [INFO] sqlalchemy.engine.Engine: PRAGMA main.table_info("users")
2022-05-11 22:50:33,243 [INFO] sqlalchemy.engine.Engine: [raw sql] ()
2022-05-11 22:50:33,244 [INFO] sqlalchemy.engine.Engine: PRAGMA temp.table_info("users")
2022-05-11 22:50:33,244 [INFO] sqlalchemy.engine.Engine: [raw sql] ()
2022-05-11 22:50:33,245 [INFO] sqlalchemy.engine.Engine: 
CREATE TABLE users (
	id INTEGER NOT NULL, 
	email VARCHAR(120) NOT NULL, 
	password VARCHAR(300) NOT NULL, 
	about VARCHAR(300), 
	balance FLOAT, 
	authenticated BOOLEAN, 
	registered_on DATETIME, 
	is_active BOOLEAN DEFAULT '1' NOT NULL, 
	is_admin BOOLEAN DEFAULT '0' NOT NULL, 
	PRIMARY KEY (id), 
	UNIQUE (email)
)


2022-05-11 22:50:33,245 [INFO] sqlalchemy.engine.Engine: [no key 0.00036s] ()
2022-05-11 22:50:33,246 [INFO] sqlalchemy.engine.Engine: 
CREATE TABLE transactions (
	id INTEGER NOT NULL, 
	amount FLOAT, 
	account_type VARCHAR(300), 
	user_id INTEGER, 
	PRIMARY KEY (id), 
	FOREIGN KEY(user_id) REFERENCES users (id)
)


2022-05-11 22:50:33,246 [INFO] sqlalchemy.engine.Engine: [no key 0.00039s] ()
2022-05-11 22:50:33,247 [INFO] sqlalchemy.engine.Engine: COMMIT
2022-05-11 22:50:33,250 [INFO] sqlalchemy.engine.Engine: BEGIN (implicit)
2022-05-11 22:50:33,250 [INFO] sqlalchemy.engine.Engine: PRAGMA main.table_info("transactions")
2022-05-11 22:50:33,251 [INFO] sqlalchemy.engine.Engine: [raw sql] ()
2022-05-11 22:50:33,251 [INFO] sqlalchemy.engine.Engine: PRAGMA main.table_info("users")
2022-05-11 22:50:33,251 [INFO] sqlalchemy.engine.Engine: [raw sql] ()
2022-05-11 22:50:33,252 [INFO] sqlalchemy.engine.Engine: COMMIT
2022-05-11 22:50:33,253 [INFO] sqlalchemy.engine.Engine: BEGIN (implicit)
2022-05-11 22:50:33,254 [INFO] sqlalchemy.engine.Engine: PRAGMA main.table_info("transactions")
2022-05-11 22:50:33,254 [INFO] sqlalchemy.engine.Engine: [raw sql] ()
2022-05-11 22:50:33,254 [INFO] sqlalchemy.engine.Engine: PRAGMA main.table_info("users")
2022-05-11 22:50:33,255 [INFO] sqlalchemy.engine.Engine: [raw sql] ()
2022-05-11 22:50:33,255 [INFO] sqlalchemy.engine.Engine: COMMIT
2022-05-11 22:50:33,431 [INFO] sqlalchemy.engine.Engine: BEGIN (implicit)
2022-05-11 22:50:33,431 [INFO] sqlalchemy.engine.Engine: PRAGMA main.table_info("transactions")
2022-05-11 22:50:33,431 [INFO] sqlalchemy.engine.Engine: [raw sql] ()
2022-05-11 22:50:33,432 [INFO] sqlalchemy.engine.Engine: PRAGMA temp.table_info("transactions")
2022-05-11 22:50:33,432 [INFO] sqlalchemy.engine.Engine: [raw sql] ()
2022-05-11 22:50:33,433 [INFO] sqlalchemy.engine.Engine: PRAGMA main.table_info("users")
2022-05-11 22:50:33,433 [INFO] sqlalchemy.engine.Engine: [raw sql] ()
2022-05-11 22:50:33,433 [INFO] sqlalchemy.engine.Engine: PRAGMA temp.table_info("users")
2022-05-11 22:50:33,434 [INFO] sqlalchemy.engine.Engine: [raw sql] ()
2022-05-11 22:50:33,434 [INFO] sqlalchemy.engine.Engine: 
CREATE TABLE users (
	id INTEGER NOT NULL, 
	email VARCHAR(120) NOT NULL, 
	password VARCHAR(300) NOT NULL, 
	about VARCHAR(300), 
	balance FLOAT, 
	authenticated BOOLEAN, 
	registered_on DATETIME, 
	is_active BOOLEAN DEFAULT '1' NOT NULL, 
	is_admin BOOLEAN DEFAULT '0' NOT NULL, 
	PRIMARY KEY (id), 
	UNIQUE (email)
)


2022-05-11 22:50:33,435 [INFO] sqlalchemy.engine.Engine: [no key 0.00032s] ()
2022-05-11 22:50:33,435 [INFO] sqlalchemy.engine.Engine: 
CREATE TABLE transactions (
	id INTEGER NOT NULL, 
	amount FLOAT, 
	account_type VARCHAR(300), 
	user_id INTEGER, 
	PRIMARY KEY (id), 
	FOREIGN KEY(user_id) REFERENCES users (id)
)


2022-05-11 22:50:33,436 [INFO] sqlalchemy.engine.Engine: [no key 0.00029s] ()
2022-05-11 22:50:33,436 [INFO] sqlalchemy.engine.Engine: COMMIT
2022-05-11 22:50:33,448 [INFO] sqlalchemy.engine.Engine: BEGIN (implicit)
2022-05-11 22:50:33,449 [INFO] sqlalchemy.engine.Engine: PRAGMA main.table_info("transactions")
2022-05-11 22:50:33,449 [INFO] sqlalchemy.engine.Engine: [raw sql] ()
2022-05-11 22:50:33,450 [INFO] sqlalchemy.engine.Engine: PRAGMA temp.table_info("transactions")
2022-05-11 22:50:33,451 [INFO] sqlalchemy.engine.Engine: [raw sql] ()
2022-05-11 22:50:33,451 [INFO] sqlalchemy.engine.Engine: PRAGMA main.table_info("users")
2022-05-11 22:50:33,451 [INFO] sqlalchemy.engine.Engine: [raw sql] ()
2022-05-11 22:50:33,452 [INFO] sqlalchemy.engine.Engine: PRAGMA temp.table_info("users")
2022-05-11 22:50:33,452 [INFO] sqlalchemy.engine.Engine: [raw sql] ()
2022-05-11 22:50:33,453 [INFO] sqlalchemy.engine.Engine: 
CREATE TABLE users (
	id INTEGER NOT NULL, 
	email VARCHAR(120) NOT NULL, 
	password VARCHAR(300) NOT NULL, 
	about VARCHAR(300), 
	balance FLOAT, 
	authenticated BOOLEAN, 
	registered_on DATETIME, 
	is_active BOOLEAN DEFAULT '1' NOT NULL, 
	is_admin BOOLEAN DEFAULT '0' NOT NULL, 
	PRIMARY KEY (id), 
	UNIQUE (email)
)


2022-05-11 22:50:33,453 [INFO] sqlalchemy.engine.Engine: [no key 0.00029s] ()
2022-05-11 22:50:33,454 [INFO] sqlalchemy.engine.Engine: 
CREATE TABLE transactions (
	id INTEGER NOT NULL, 
	amount FLOAT, 
	account_type VARCHAR(300), 
	user_id INTEGER, 
	PRIMARY KEY (id), 
	FOREIGN KEY(user_id) REFERENCES users (id)
)


2022-05-11 22:50:33,454 [INFO] sqlalchemy.engine.Engine: [no key 0.00026s] ()
2022-05-11 22:50:33,454 [INFO] sqlalchemy.engine.Engine: COMMIT
2022-05-11 22:50:33,456 [INFO] sqlalchemy.engine.Engine: BEGIN (implicit)
2022-05-11 22:50:33,458 [INFO] sqlalchemy.engine.Engine: SELECT count(*) AS count_1 
FROM (SELECT users.is_active AS users_is_active, users.id AS users_id, users.email AS users_email, users.password AS users_password, users.about AS users_about, users.balance AS users_balance, users.authenticated AS users_authenticated, users.registered_on AS users_registered_on, users.is_admin AS users_is_admin 
FROM users) AS anon_1
2022-05-11 22:50:33,459 [INFO] sqlalchemy.engine.Engine: [generated in 0.00048s] ()
2022-05-11 22:50:33,461 [INFO] sqlalchemy.engine.Engine: SELECT count(*) AS count_1 
FROM (SELECT transactions.id AS transactions_id, transactions.amount AS transactions_amount, transactions.account_type AS transactions_account_type, transactions.user_id AS transactions_user_id 
FROM transactions) AS anon_1
2022-05-11 22:50:33,461 [INFO] sqlalchemy.engine.Engine: [generated in 0.00049s] ()
2022-05-11 22:50:33,463 [INFO] sqlalchemy.engine.Engine: INSERT INTO users (email, password, about, balance, authenticated, registered_on) VALUES (?, ?, ?, ?, ?, ?)
2022-05-11 22:50:33,463 [INFO] sqlalchemy.engine.Engine: [generated in 0.00058s] ('ellis@gmail.com', 'abc123', None, 0.0, 0, '2022-05-11 22:50:33.462373')
2022-05-11 22:50:33,464 [INFO] sqlalchemy.engine.Engine: COMMIT
2022-05-11 22:50:33,465 [INFO] sqlalchemy.engine.Engine: BEGIN (implicit)
2022-05-11 22:50:33,465 [INFO] sqlalchemy.engine.Engine: SELECT count(*) AS count_1 
FROM (SELECT users.is_active AS users_is_active, users.id AS users_id, users.email AS users_email, users.password AS users_password, users.about AS users_about, users.balance AS users_balance, users.authenticated AS users_authenticated, users.registered_on AS users_registered_on, users.is_admin AS users_is_admin 
FROM users) AS anon_1
2022-05-11 22:50:33,465 [INFO] sqlalchemy.engine.Engine: [cached since 0.007233s ago] ()
2022-05-11 22:50:33,468 [INFO] sqlalchemy.engine.Engine: SELECT users.is_active AS users_is_active, users.id AS users_id, users.email AS users_email, users.password AS users_password, users.about AS users_about, users.balance AS users_balance, users.authenticated AS users_authenticated, users.registered_on AS users_registered_on, users.is_admin AS users_is_admin 
FROM users 
WHERE users.email = ?
 LIMIT ? OFFSET ?
2022-05-11 22:50:33,469 [INFO] sqlalchemy.engine.Engine: [generated in 0.00062s] ('ellis@gmail.com', 1, 0)
2022-05-11 22:50:33,471 [INFO] sqlalchemy.engine.Engine: SELECT transactions.id AS transactions_id, transactions.amount AS transactions_amount, transactions.account_type AS transactions_account_type, transactions.user_id AS transactions_user_id 
FROM transactions 
WHERE ? = transactions.user_id
2022-05-11 22:50:33,471 [INFO] sqlalchemy.engine.Engine: [generated in 0.00045s] (1,)
2022-05-11 22:50:33,473 [INFO] sqlalchemy.engine.Engine: DELETE FROM users WHERE users.id = ?
2022-05-11 22:50:33,473 [INFO] sqlalchemy.engine.Engine: [generated in 0.00045s] (1,)
2022-05-11 22:50:33,474 [INFO] sqlalchemy.engine.Engine: SELECT count(*) AS count_1 
FROM (SELECT users.is_active AS users_is_active, users.id AS users_id, users.email AS users_email, users.password AS users_password, users.about AS users_about, users.balance AS users_balance, users.authenticated AS users_authenticated, users.registered_on AS users_registered_on, users.is_admin AS users_is_admin 
FROM users) AS anon_1
2022-05-11 22:50:33,474 [INFO] sqlalchemy.engine.Engine: [cached since 0.01599s ago] ()
2022-05-11 22:50:33,475 [INFO] sqlalchemy.engine.Engine: ROLLBACK
2022-05-11 22:50:33,487 [INFO] sqlalchemy.engine.Engine: BEGIN (implicit)
2022-05-11 22:50:33,488 [INFO] sqlalchemy.engine.Engine: PRAGMA main.table_info("transactions")
2022-05-11 22:50:33,488 [INFO] sqlalchemy.engine.Engine: [raw sql] ()
2022-05-11 22:50:33,489 [INFO] sqlalchemy.engine.Engine: PRAGMA temp.table_info("transactions")
2022-05-11 22:50:33,489 [INFO] sqlalchemy.engine.Engine: [raw sql] ()
2022-05-11 22:50:33,490 [INFO] sqlalchemy.engine.Engine: PRAGMA main.table_info("users")
2022-05-11 22:50:33,490 [INFO] sqlalchemy.engine.Engine: [raw sql] ()
2022-05-11 22:50:33,490 [INFO] sqlalchemy.engine.Engine: PRAGMA temp.table_info("users")
2022-05-11 22:50:33,490 [INFO] sqlalchemy.engine.Engine: [raw sql] ()
2022-05-11 22:50:33,491 [INFO] sqlalchemy.engine.Engine: 
CREATE TABLE users (
	id INTEGER NOT NULL, 
	email VARCHAR(120) NOT NULL, 
	password VARCHAR(300) NOT NULL, 
	about VARCHAR(300), 
	balance FLOAT, 
	authenticated BOOLEAN, 
	registered_on DATETIME, 
	is_active BOOLEAN DEFAULT '1' NOT NULL, 
	is_admin BOOLEAN DEFAULT '0' NOT NULL, 
	PRIMARY KEY (id), 
	UNIQUE (email)
)


2022-05-11 22:50:33,491 [INFO] sqlalchemy.engine.Engine: [no key 0.00035s] ()
2022-05-11 22:50:33,492 [INFO] sqlalchemy.engine.Engine: 
CREATE TABLE transactions (
	id INTEGER NOT NULL, 
	amount FLOAT, 
	account_type VARCHAR(300), 
	user_id INTEGER, 
	PRIMARY KEY (id), 
	FOREIGN KEY(user_id) REFERENCES users (id)
)


2022-05-11 22:50:33,492 [INFO] sqlalchemy.engine.Engine: [no key 0.00033s] ()
2022-05-11 22:50:33,493 [INFO] sqlalchemy.engine.Engine: COMMIT
2022-05-11 22:50:33,496 [INFO] sqlalchemy.engine.Engine: BEGIN (implicit)
2022-05-11 22:50:33,496 [INFO] sqlalchemy.engine.Engine: PRAGMA main.table_info("transactions")
2022-05-11 22:50:33,497 [INFO] sqlalchemy.engine.Engine: [raw sql] ()
2022-05-11 22:50:33,497 [INFO] sqlalchemy.engine.Engine: PRAGMA main.table_info("users")
2022-05-11 22:50:33,497 [INFO] sqlalchemy.engine.Engine: [raw sql] ()
2022-05-11 22:50:33,498 [INFO] sqlalchemy.engine.Engine: COMMIT
2022-05-11 22:50:33,499 [INFO] sqlalchemy.engine.Engine: BEGIN (implicit)
2022-05-11 22:50:33,500 [INFO] sqlalchemy.engine.Engine: PRAGMA main.table_info("transactions")
2022-05-11 22:50:33,500 [INFO] sqlalchemy.engine.Engine: [raw sql] ()
2022-05-11 22:50:33,501 [INFO] sqlalchemy.engine.Engine: PRAGMA main.table_info("users")
2022-05-11 22:50:33,501 [INFO] sqlalchemy.engine.Engine: [raw sql] ()
2022-05-11 22:50:33,501 [INFO] sqlalchemy.engine.Engine: COMMIT
2022-05-11 22:50:33,661 [INFO] sqlalchemy.engine.Engine: BEGIN (implicit)
2022-05-11 22:50:33,662 [INFO] sqlalchemy.engine.Engine: PRAGMA main.table_info("transactions")
2022-05-11 22:50:33,662 [INFO] sqlalchemy.engine.Engine: [raw sql] ()
2022-05-11 22:50:33,663 [INFO] sqlalchemy.engine.Engine: PRAGMA temp.table_info("transactions")
2022-05-11 22:50:33,663 [INFO] sqlalchemy.engine.Engine: [raw sql] ()
2022-05-11 22:50:33,664 [INFO] sqlalchemy.engine.Engine: PRAGMA main.table_info("users")
2022-05-11 22:50:33,664 [INFO] sqlalchemy.engine.Engine: [raw sql] ()
2022-05-11 22:50:33,665 [INFO] sqlalchemy.engine.Engine: PRAGMA temp.table_info("users")
2022-05-11 22:50:33,665 [INFO] sqlalchemy.engine.Engine: [raw sql] ()
2022-05-11 22:50:33,666 [INFO] sqlalchemy.engine.Engine: 
CREATE TABLE users (
	id INTEGER NOT NULL, 
	email VARCHAR(120) NOT NULL, 
	password VARCHAR(300) NOT NULL, 
	about VARCHAR(300), 
	balance FLOAT, 
	authenticated BOOLEAN, 
	registered_on DATETIME, 
	is_active BOOLEAN DEFAULT '1' NOT NULL, 
	is_admin BOOLEAN DEFAULT '0' NOT NULL, 
	PRIMARY KEY (id), 
	UNIQUE (email)
)


2022-05-11 22:50:33,666 [INFO] sqlalchemy.engine.Engine: [no key 0.00033s] ()
2022-05-11 22:50:33,666 [INFO] sqlalchemy.engine.Engine: 
CREATE TABLE transactions (
	id INTEGER NOT NULL, 
	amount FLOAT, 
	account_type VARCHAR(300), 
	user_id INTEGER, 
	PRIMARY KEY (id), 
	FOREIGN KEY(user_id) REFERENCES users (id)
)


2022-05-11 22:50:33,667 [INFO] sqlalchemy.engine.Engine: [no key 0.00035s] ()
2022-05-11 22:50:33,667 [INFO] sqlalchemy.engine.Engine: COMMIT
2022-05-11 22:50:33,671 [INFO] sqlalchemy.engine.Engine: BEGIN (implicit)
2022-05-11 22:50:33,672 [INFO] sqlalchemy.engine.Engine: PRAGMA main.table_info("transactions")
2022-05-11 22:50:33,672 [INFO] sqlalchemy.engine.Engine: [raw sql] ()
2022-05-11 22:50:33,672 [INFO] sqlalchemy.engine.Engine: PRAGMA main.table_info("users")
2022-05-11 22:50:33,673 [INFO] sqlalchemy.engine.Engine: [raw sql] ()
2022-05-11 22:50:33,673 [INFO] sqlalchemy.engine.Engine: COMMIT
2022-05-11 22:50:33,675 [INFO] sqlalchemy.engine.Engine: BEGIN (implicit)
2022-05-11 22:50:33,675 [INFO] sqlalchemy.engine.Engine: PRAGMA main.table_info("transactions")
2022-05-11 22:50:33,676 [INFO] sqlalchemy.engine.Engine: [raw sql] ()
2022-05-11 22:50:33,676 [INFO] sqlalchemy.engine.Engine: PRAGMA main.table_info("users")
2022-05-11 22:50:33,676 [INFO] sqlalchemy.engine.Engine: [raw sql] ()
2022-05-11 22:50:33,677 [INFO] sqlalchemy.engine.Engine: COMMIT
2022-05-11 22:50:33,833 [INFO] sqlalchemy.engine.Engine: BEGIN (implicit)
2022-05-11 22:50:33,834 [INFO] sqlalchemy.engine.Engine: PRAGMA main.table_info("transactions")
2022-05-11 22:50:33,834 [INFO] sqlalchemy.engine.Engine: [raw sql] ()
2022-05-11 22:50:33,835 [INFO] sqlalchemy.engine.Engine: PRAGMA temp.table_info("transactions")
2022-05-11 22:50:33,835 [INFO] sqlalchemy.engine.Engine: [raw sql] ()
2022-05-11 22:50:33,836 [INFO] sqlalchemy.engine.Engine: PRAGMA main.table_info("users")
2022-05-11 22:50:33,836 [INFO] sqlalchemy.engine.Engine: [raw sql] ()
2022-05-11 22:50:33,836 [INFO] sqlalchemy.engine.Engine: PRAGMA temp.table_info("users")
2022-05-11 22:50:33,837 [INFO] sqlalchemy.engine.Engine: [raw sql] ()
2022-05-11 22:50:33,837 [INFO] sqlalchemy.engine.Engine: 
CREATE TABLE users (
	id INTEGER NOT NULL, 
	email VARCHAR(120) NOT NULL, 
	password VARCHAR(300) NOT NULL, 
	about VARCHAR(300), 
	balance FLOAT, 
	authenticated BOOLEAN, 
	registered_on DATETIME, 
	is_active BOOLEAN DEFAULT '1' NOT NULL, 
	is_admin BOOLEAN DEFAULT '0' NOT NULL, 
	PRIMARY KEY (id), 
	UNIQUE (email)
)


2022-05-11 22:50:33,838 [INFO] sqlalchemy.engine.Engine: [no key 0.00039s] ()
2022-05-11 22:50:33,839 [INFO] sqlalchemy.engine.Engine: 
CREATE TABLE transactions (
	id INTEGER NOT NULL, 
	amount FLOAT, 
	account_type VARCHAR(300), 
	user_id INTEGER, 
	PRIMARY KEY (id), 
	FOREIGN KEY(user_id) REFERENCES users (id)
)


2022-05-11 22:50:33,839 [INFO] sqlalchemy.engine.Engine: [no key 0.00049s] ()
2022-05-11 22:50:33,839 [INFO] sqlalchemy.engine.Engine: COMMIT
2022-05-11 22:50:33,843 [INFO] sqlalchemy.engine.Engine: BEGIN (implicit)
2022-05-11 22:50:33,843 [INFO] sqlalchemy.engine.Engine: PRAGMA main.table_info("transactions")
2022-05-11 22:50:33,844 [INFO] sqlalchemy.engine.Engine: [raw sql] ()
2022-05-11 22:50:33,844 [INFO] sqlalchemy.engine.Engine: PRAGMA main.table_info("users")
2022-05-11 22:50:33,844 [INFO] sqlalchemy.engine.Engine: [raw sql] ()
2022-05-11 22:50:33,845 [INFO] sqlalchemy.engine.Engine: COMMIT
2022-05-11 22:50:33,847 [INFO] sqlalchemy.engine.Engine: BEGIN (implicit)
2022-05-11 22:50:33,847 [INFO] sqlalchemy.engine.Engine: PRAGMA main.table_info("transactions")
2022-05-11 22:50:33,848 [INFO] sqlalchemy.engine.Engine: [raw sql] ()
2022-05-11 22:50:33,848 [INFO] sqlalchemy.engine.Engine: PRAGMA main.table_info("users")
2022-05-11 22:50:33,848 [INFO] sqlalchemy.engine.Engine: [raw sql] ()
2022-05-11 22:50:33,849 [INFO] sqlalchemy.engine.Engine: COMMIT
2022-05-11 22:50:34,002 [INFO] sqlalchemy.engine.Engine: BEGIN (implicit)
2022-05-11 22:50:34,003 [INFO] sqlalchemy.engine.Engine: PRAGMA main.table_info("transactions")
2022-05-11 22:50:34,003 [INFO] sqlalchemy.engine.Engine: [raw sql] ()
2022-05-11 22:50:34,004 [INFO] sqlalchemy.engine.Engine: PRAGMA temp.table_info("transactions")
2022-05-11 22:50:34,004 [INFO] sqlalchemy.engine.Engine: [raw sql] ()
2022-05-11 22:50:34,005 [INFO] sqlalchemy.engine.Engine: PRAGMA main.table_info("users")
2022-05-11 22:50:34,005 [INFO] sqlalchemy.engine.Engine: [raw sql] ()
2022-05-11 22:50:34,005 [INFO] sqlalchemy.engine.Engine: PRAGMA temp.table_info("users")
2022-05-11 22:50:34,006 [INFO] sqlalchemy.engine.Engine: [raw sql] ()
2022-05-11 22:50:34,006 [INFO] sqlalchemy.engine.Engine: 
CREATE TABLE users (
	id INTEGER NOT NULL, 
	email VARCHAR(120) NOT NULL, 
	password VARCHAR(300) NOT NULL, 
	about VARCHAR(300), 
	balance FLOAT, 
	authenticated BOOLEAN, 
	registered_on DATETIME, 
	is_active BOOLEAN DEFAULT '1' NOT NULL, 
	is_admin BOOLEAN DEFAULT '0' NOT NULL, 
	PRIMARY KEY (id), 
	UNIQUE (email)
)


2022-05-11 22:50:34,007 [INFO] sqlalchemy.engine.Engine: [no key 0.00037s] ()
2022-05-11 22:50:34,007 [INFO] sqlalchemy.engine.Engine: 
CREATE TABLE transactions (
	id INTEGER NOT NULL, 
	amount FLOAT, 
	account_type VARCHAR(300), 
	user_id INTEGER, 
	PRIMARY KEY (id), 
	FOREIGN KEY(user_id) REFERENCES users (id)
)


2022-05-11 22:50:34,008 [INFO] sqlalchemy.engine.Engine: [no key 0.00035s] ()
2022-05-11 22:50:34,008 [INFO] sqlalchemy.engine.Engine: COMMIT
2022-05-11 22:50:34,011 [INFO] sqlalchemy.engine.Engine: BEGIN (implicit)
2022-05-11 22:50:34,011 [INFO] sqlalchemy.engine.Engine: PRAGMA main.table_info("transactions")
2022-05-11 22:50:34,012 [INFO] sqlalchemy.engine.Engine: [raw sql] ()
2022-05-11 22:50:34,012 [INFO] sqlalchemy.engine.Engine: PRAGMA main.table_info("users")
2022-05-11 22:50:34,013 [INFO] sqlalchemy.engine.Engine: [raw sql] ()
2022-05-11 22:50:34,013 [INFO] sqlalchemy.engine.Engine: COMMIT
2022-05-11 22:50:34,015 [INFO] sqlalchemy.engine.Engine: BEGIN (implicit)
2022-05-11 22:50:34,015 [INFO] sqlalchemy.engine.Engine: PRAGMA main.table_info("transactions")
2022-05-11 22:50:34,015 [INFO] sqlalchemy.engine.Engine: [raw sql] ()
2022-05-11 22:50:34,016 [INFO] sqlalchemy.engine.Engine: PRAGMA main.table_info("users")
2022-05-11 22:50:34,016 [INFO] sqlalchemy.engine.Engine: [raw sql] ()
2022-05-11 22:50:34,017 [INFO] sqlalchemy.engine.Engine: COMMIT
2022-05-11 22:50:34,172 [INFO] sqlalchemy.engine.Engine: BEGIN (implicit)
2022-05-11 22:50:34,173 [INFO] sqlalchemy.engine.Engine: PRAGMA main.table_info("transactions")
2022-05-11 22:50:34,173 [INFO] sqlalchemy.engine.Engine: [raw sql] ()
2022-05-11 22:50:34,174 [INFO] sqlalchemy.engine.Engine: PRAGMA temp.table_info("transactions")
2022-05-11 22:50:34,174 [INFO] sqlalchemy.engine.Engine: [raw sql] ()
2022-05-11 22:50:34,175 [INFO] sqlalchemy.engine.Engine: PRAGMA main.table_info("users")
2022-05-11 22:50:34,175 [INFO] sqlalchemy.engine.Engine: [raw sql] ()
2022-05-11 22:50:34,175 [INFO] sqlalchemy.engine.Engine: PRAGMA temp.table_info("users")
2022-05-11 22:50:34,176 [INFO] sqlalchemy.engine.Engine: [raw sql] ()
2022-05-11 22:50:34,176 [INFO] sqlalchemy.engine.Engine: 
CREATE TABLE users (
	id INTEGER NOT NULL, 
	email VARCHAR(120) NOT NULL, 
	password VARCHAR(300) NOT NULL, 
	about VARCHAR(300), 
	balance FLOAT, 
	authenticated BOOLEAN, 
	registered_on DATETIME, 
	is_active BOOLEAN DEFAULT '1' NOT NULL, 
	is_admin BOOLEAN DEFAULT '0' NOT NULL, 
	PRIMARY KEY (id), 
	UNIQUE (email)
)


2022-05-11 22:50:34,177 [INFO] sqlalchemy.engine.Engine: [no key 0.00036s] ()
2022-05-11 22:50:34,177 [INFO] sqlalchemy.engine.Engine: 
CREATE TABLE transactions (
	id INTEGER NOT NULL, 
	amount FLOAT, 
	account_type VARCHAR(300), 
	user_id INTEGER, 
	PRIMARY KEY (id), 
	FOREIGN KEY(user_id) REFERENCES users (id)
)


2022-05-11 22:50:34,178 [INFO] sqlalchemy.engine.Engine: [no key 0.00042s] ()
2022-05-11 22:50:34,178 [INFO] sqlalchemy.engine.Engine: COMMIT
2022-05-11 22:50:34,181 [INFO] sqlalchemy.engine.Engine: BEGIN (implicit)
2022-05-11 22:50:34,182 [INFO] sqlalchemy.engine.Engine: PRAGMA main.table_info("transactions")
2022-05-11 22:50:34,182 [INFO] sqlalchemy.engine.Engine: [raw sql] ()
2022-05-11 22:50:34,183 [INFO] sqlalchemy.engine.Engine: PRAGMA main.table_info("users")
2022-05-11 22:50:34,183 [INFO] sqlalchemy.engine.Engine: [raw sql] ()
2022-05-11 22:50:34,184 [INFO] sqlalchemy.engine.Engine: COMMIT
2022-05-11 22:50:34,185 [INFO] sqlalchemy.engine.Engine: BEGIN (implicit)
2022-05-11 22:50:34,186 [INFO] sqlalchemy.engine.Engine: PRAGMA main.table_info("transactions")
2022-05-11 22:50:34,186 [INFO] sqlalchemy.engine.Engine: [raw sql] ()
2022-05-11 22:50:34,187 [INFO] sqlalchemy.engine.Engine: PRAGMA main.table_info("users")
2022-05-11 22:50:34,187 [INFO] sqlalchemy.engine.Engine: [raw sql] ()
2022-05-11 22:50:34,188 [INFO] sqlalchemy.engine.Engine: COMMIT
2022-05-11 22:50:34,345 [INFO] sqlalchemy.engine.Engine: BEGIN (implicit)
2022-05-11 22:50:34,346 [INFO] sqlalchemy.engine.Engine: PRAGMA main.table_info("transactions")
2022-05-11 22:50:34,346 [INFO] sqlalchemy.engine.Engine: [raw sql] ()
2022-05-11 22:50:34,347 [INFO] sqlalchemy.engine.Engine: PRAGMA temp.table_info("transactions")
2022-05-11 22:50:34,347 [INFO] sqlalchemy.engine.Engine: [raw sql] ()
2022-05-11 22:50:34,347 [INFO] sqlalchemy.engine.Engine: PRAGMA main.table_info("users")
2022-05-11 22:50:34,347 [INFO] sqlalchemy.engine.Engine: [raw sql] ()
2022-05-11 22:50:34,348 [INFO] sqlalchemy.engine.Engine: PRAGMA temp.table_info("users")
2022-05-11 22:50:34,348 [INFO] sqlalchemy.engine.Engine: [raw sql] ()
2022-05-11 22:50:34,349 [INFO] sqlalchemy.engine.Engine: 
CREATE TABLE users (
	id INTEGER NOT NULL, 
	email VARCHAR(120) NOT NULL, 
	password VARCHAR(300) NOT NULL, 
	about VARCHAR(300), 
	balance FLOAT, 
	authenticated BOOLEAN, 
	registered_on DATETIME, 
	is_active BOOLEAN DEFAULT '1' NOT NULL, 
	is_admin BOOLEAN DEFAULT '0' NOT NULL, 
	PRIMARY KEY (id), 
	UNIQUE (email)
)


2022-05-11 22:50:34,349 [INFO] sqlalchemy.engine.Engine: [no key 0.00035s] ()
2022-05-11 22:50:34,350 [INFO] sqlalchemy.engine.Engine: 
CREATE TABLE transactions (
	id INTEGER NOT NULL, 
	amount FLOAT, 
	account_type VARCHAR(300), 
	user_id INTEGER, 
	PRIMARY KEY (id), 
	FOREIGN KEY(user_id) REFERENCES users (id)
)


2022-05-11 22:50:34,350 [INFO] sqlalchemy.engine.Engine: [no key 0.00035s] ()
2022-05-11 22:50:34,351 [INFO] sqlalchemy.engine.Engine: COMMIT
2022-05-11 22:50:34,354 [INFO] sqlalchemy.engine.Engine: BEGIN (implicit)
2022-05-11 22:50:34,354 [INFO] sqlalchemy.engine.Engine: PRAGMA main.table_info("transactions")
2022-05-11 22:50:34,354 [INFO] sqlalchemy.engine.Engine: [raw sql] ()
2022-05-11 22:50:34,355 [INFO] sqlalchemy.engine.Engine: PRAGMA main.table_info("users")
2022-05-11 22:50:34,355 [INFO] sqlalchemy.engine.Engine: [raw sql] ()
2022-05-11 22:50:34,356 [INFO] sqlalchemy.engine.Engine: COMMIT
2022-05-11 22:50:34,357 [INFO] sqlalchemy.engine.Engine: BEGIN (implicit)
2022-05-11 22:50:34,358 [INFO] sqlalchemy.engine.Engine: PRAGMA main.table_info("transactions")
2022-05-11 22:50:34,358 [INFO] sqlalchemy.engine.Engine: [raw sql] ()
2022-05-11 22:50:34,358 [INFO] sqlalchemy.engine.Engine: PRAGMA main.table_info("users")
2022-05-11 22:50:34,359 [INFO] sqlalchemy.engine.Engine: [raw sql] ()
2022-05-11 22:50:34,359 [INFO] sqlalchemy.engine.Engine: COMMIT
2022-05-11 22:50:34,385 [INFO] sqlalchemy.engine.Engine: BEGIN (implicit)
2022-05-11 22:50:34,386 [INFO] sqlalchemy.engine.Engine: SELECT users.is_active AS users_is_active, users.id AS users_id, users.email AS users_email, users.password AS users_password, users.about AS users_about, users.balance AS users_balance, users.authenticated AS users_authenticated, users.registered_on AS users_registered_on, users.is_admin AS users_is_admin 
FROM users 
WHERE users.email = ?
 LIMIT ? OFFSET ?
2022-05-11 22:50:34,387 [INFO] sqlalchemy.engine.Engine: [generated in 0.00058s] ('ellis@gmail.com', 1, 0)
2022-05-11 22:50:34,533 [INFO] sqlalchemy.engine.Engine: SELECT transactions.id AS transactions_id, transactions.amount AS transactions_amount, transactions.account_type AS transactions_account_type, transactions.user_id AS transactions_user_id 
FROM transactions
 LIMIT ? OFFSET ?
2022-05-11 22:50:34,533 [INFO] sqlalchemy.engine.Engine: [generated in 0.00044s] (1000, 0)
2022-05-11 22:50:34,535 [INFO] sqlalchemy.engine.Engine: SELECT count(*) AS count_1 
FROM (SELECT transactions.id AS transactions_id, transactions.amount AS transactions_amount, transactions.account_type AS transactions_account_type, transactions.user_id AS transactions_user_id 
FROM transactions) AS anon_1
2022-05-11 22:50:34,536 [INFO] sqlalchemy.engine.Engine: [generated in 0.00051s] ()
2022-05-11 22:50:34,622 [INFO] sqlalchemy.engine.Engine: ROLLBACK
2022-05-11 22:50:34,634 [INFO] sqlalchemy.engine.Engine: BEGIN (implicit)
2022-05-11 22:50:34,634 [INFO] sqlalchemy.engine.Engine: PRAGMA main.table_info("transactions")
2022-05-11 22:50:34,635 [INFO] sqlalchemy.engine.Engine: [raw sql] ()
2022-05-11 22:50:34,635 [INFO] sqlalchemy.engine.Engine: PRAGMA temp.table_info("transactions")
2022-05-11 22:50:34,636 [INFO] sqlalchemy.engine.Engine: [raw sql] ()
2022-05-11 22:50:34,636 [INFO] sqlalchemy.engine.Engine: PRAGMA main.table_info("users")
2022-05-11 22:50:34,636 [INFO] sqlalchemy.engine.Engine: [raw sql] ()
2022-05-11 22:50:34,637 [INFO] sqlalchemy.engine.Engine: PRAGMA temp.table_info("users")
2022-05-11 22:50:34,637 [INFO] sqlalchemy.engine.Engine: [raw sql] ()
2022-05-11 22:50:34,638 [INFO] sqlalchemy.engine.Engine: 
CREATE TABLE users (
	id INTEGER NOT NULL, 
	email VARCHAR(120) NOT NULL, 
	password VARCHAR(300) NOT NULL, 
	about VARCHAR(300), 
	balance FLOAT, 
	authenticated BOOLEAN, 
	registered_on DATETIME, 
	is_active BOOLEAN DEFAULT '1' NOT NULL, 
	is_admin BOOLEAN DEFAULT '0' NOT NULL, 
	PRIMARY KEY (id), 
	UNIQUE (email)
)


2022-05-11 22:50:34,638 [INFO] sqlalchemy.engine.Engine: [no key 0.00027s] ()
2022-05-11 22:50:34,638 [INFO] sqlalchemy.engine.Engine: 
CREATE TABLE transactions (
	id INTEGER NOT NULL, 
	amount FLOAT, 
	account_type VARCHAR(300), 
	user_id INTEGER, 
	PRIMARY KEY (id), 
	FOREIGN KEY(user_id) REFERENCES users (id)
)


2022-05-11 22:50:34,639 [INFO] sqlalchemy.engine.Engine: [no key 0.00029s] ()
2022-05-11 22:50:34,639 [INFO] sqlalchemy.engine.Engine: COMMIT
2022-05-11 22:50:34,640 [INFO] sqlalchemy.engine.Engine: BEGIN (implicit)
2022-05-11 22:50:34,643 [INFO] sqlalchemy.engine.Engine: SELECT count(*) AS count_1 
FROM (SELECT users.is_active AS users_is_active, users.id AS users_id, users.email AS users_email, users.password AS users_password, users.about AS users_about, users.balance AS users_balance, users.authenticated AS users_authenticated, users.registered_on AS users_registered_on, users.is_admin AS users_is_admin 
FROM users) AS anon_1
2022-05-11 22:50:34,643 [INFO] sqlalchemy.engine.Engine: [generated in 0.00048s] ()
2022-05-11 22:50:34,645 [INFO] sqlalchemy.engine.Engine: SELECT count(*) AS count_1 
FROM (SELECT transactions.id AS transactions_id, transactions.amount AS transactions_amount, transactions.account_type AS transactions_account_type, transactions.user_id AS transactions_user_id 
FROM transactions) AS anon_1
2022-05-11 22:50:34,646 [INFO] sqlalchemy.engine.Engine: [generated in 0.00049s] ()
2022-05-11 22:50:34,647 [INFO] sqlalchemy.engine.Engine: INSERT INTO users (email, password, about, balance, authenticated, registered_on) VALUES (?, ?, ?, ?, ?, ?)
2022-05-11 22:50:34,647 [INFO] sqlalchemy.engine.Engine: [generated in 0.00054s] ('ellis@gmail.com', 'passwordTesting', None, 0.0, 0, '2022-05-11 22:50:34.646718')
2022-05-11 22:50:34,648 [INFO] sqlalchemy.engine.Engine: COMMIT
2022-05-11 22:50:34,649 [INFO] sqlalchemy.engine.Engine: BEGIN (implicit)
2022-05-11 22:50:34,649 [INFO] sqlalchemy.engine.Engine: SELECT count(*) AS count_1 
FROM (SELECT users.is_active AS users_is_active, users.id AS users_id, users.email AS users_email, users.password AS users_password, users.about AS users_about, users.balance AS users_balance, users.authenticated AS users_authenticated, users.registered_on AS users_registered_on, users.is_admin AS users_is_admin 
FROM users) AS anon_1
2022-05-11 22:50:34,650 [INFO] sqlalchemy.engine.Engine: [cached since 0.00721s ago] ()
2022-05-11 22:50:34,651 [INFO] sqlalchemy.engine.Engine: SELECT users.is_active AS users_is_active, users.id AS users_id, users.email AS users_email, users.password AS users_password, users.about AS users_about, users.balance AS users_balance, users.authenticated AS users_authenticated, users.registered_on AS users_registered_on, users.is_admin AS users_is_admin 
FROM users 
WHERE users.email = ?
 LIMIT ? OFFSET ?
2022-05-11 22:50:34,652 [INFO] sqlalchemy.engine.Engine: [generated in 0.00050s] ('ellis@gmail.com', 1, 0)
2022-05-11 22:50:34,654 [INFO] sqlalchemy.engine.Engine: SELECT transactions.id AS transactions_id, transactions.amount AS transactions_amount, transactions.account_type AS transactions_account_type, transactions.user_id AS transactions_user_id 
FROM transactions 
WHERE ? = transactions.user_id
2022-05-11 22:50:34,654 [INFO] sqlalchemy.engine.Engine: [generated in 0.00052s] (1,)
2022-05-11 22:50:34,656 [INFO] sqlalchemy.engine.Engine: INSERT INTO transactions (amount, account_type, user_id) VALUES (?, ?, ?)
2022-05-11 22:50:34,657 [INFO] sqlalchemy.engine.Engine: [generated in 0.00074s] (500.0, 'CREDIT', 1)
2022-05-11 22:50:34,657 [INFO] sqlalchemy.engine.Engine: INSERT INTO transactions (amount, account_type, user_id) VALUES (?, ?, ?)
2022-05-11 22:50:34,658 [INFO] sqlalchemy.engine.Engine: [cached since 0.001798s ago] (-200.0, 'DEBIT', 1)
2022-05-11 22:50:34,658 [INFO] sqlalchemy.engine.Engine: COMMIT
2022-05-11 22:50:34,659 [INFO] sqlalchemy.engine.Engine: BEGIN (implicit)
2022-05-11 22:50:34,660 [INFO] sqlalchemy.engine.Engine: SELECT count(*) AS count_1 
FROM (SELECT transactions.id AS transactions_id, transactions.amount AS transactions_amount, transactions.account_type AS transactions_account_type, transactions.user_id AS transactions_user_id 
FROM transactions) AS anon_1
2022-05-11 22:50:34,661 [INFO] sqlalchemy.engine.Engine: [cached since 0.0155s ago] ()
2022-05-11 22:50:34,663 [INFO] sqlalchemy.engine.Engine: SELECT transactions.id AS transactions_id, transactions.amount AS transactions_amount, transactions.account_type AS transactions_account_type, transactions.user_id AS transactions_user_id 
FROM transactions 
WHERE transactions.amount = ?
 LIMIT ? OFFSET ?
2022-05-11 22:50:34,663 [INFO] sqlalchemy.engine.Engine: [generated in 0.00053s] (500, 1, 0)
2022-05-11 22:50:34,664 [INFO] sqlalchemy.engine.Engine: COMMIT
2022-05-11 22:50:34,665 [INFO] sqlalchemy.engine.Engine: BEGIN (implicit)
2022-05-11 22:50:34,665 [INFO] sqlalchemy.engine.Engine: SELECT transactions.id AS transactions_id, transactions.amount AS transactions_amount, transactions.account_type AS transactions_account_type, transactions.user_id AS transactions_user_id 
FROM transactions 
WHERE transactions.amount = ?
 LIMIT ? OFFSET ?
2022-05-11 22:50:34,666 [INFO] sqlalchemy.engine.Engine: [cached since 0.0033s ago] (-200, 1, 0)
2022-05-11 22:50:34,667 [INFO] sqlalchemy.engine.Engine: SELECT users.is_active AS users_is_active, users.id AS users_id, users.email AS users_email, users.password AS users_password, users.about AS users_about, users.balance AS users_balance, users.authenticated AS users_authenticated, users.registered_on AS users_registered_on, users.is_admin AS users_is_admin 
FROM users 
WHERE users.id = ?
2022-05-11 22:50:34,668 [INFO] sqlalchemy.engine.Engine: [generated in 0.00064s] (1,)
2022-05-11 22:50:34,669 [INFO] sqlalchemy.engine.Engine: SELECT transactions.id AS transactions_id, transactions.amount AS transactions_amount, transactions.account_type AS transactions_account_type, transactions.user_id AS transactions_user_id 
FROM transactions 
WHERE ? = transactions.user_id
2022-05-11 22:50:34,669 [INFO] sqlalchemy.engine.Engine: [cached since 0.01584s ago] (1,)
2022-05-11 22:50:34,671 [INFO] sqlalchemy.engine.Engine: DELETE FROM transactions WHERE transactions.id = ?
2022-05-11 22:50:34,672 [INFO] sqlalchemy.engine.Engine: [generated in 0.00098s] ((1,), (2,))
2022-05-11 22:50:34,673 [INFO] sqlalchemy.engine.Engine: DELETE FROM users WHERE users.id = ?
2022-05-11 22:50:34,673 [INFO] sqlalchemy.engine.Engine: [generated in 0.00061s] (1,)
2022-05-11 22:50:34,674 [INFO] sqlalchemy.engine.Engine: SELECT count(*) AS count_1 
FROM (SELECT users.is_active AS users_is_active, users.id AS users_id, users.email AS users_email, users.password AS users_password, users.about AS users_about, users.balance AS users_balance, users.authenticated AS users_authenticated, users.registered_on AS users_registered_on, users.is_admin AS users_is_admin 
FROM users) AS anon_1
2022-05-11 22:50:34,675 [INFO] sqlalchemy.engine.Engine: [cached since 0.03212s ago] ()
2022-05-11 22:50:34,676 [INFO] sqlalchemy.engine.Engine: SELECT count(*) AS count_1 
FROM (SELECT transactions.id AS transactions_id, transactions.amount AS transactions_amount, transactions.account_type AS transactions_account_type, transactions.user_id AS transactions_user_id 
FROM transactions) AS anon_1
2022-05-11 22:50:34,676 [INFO] sqlalchemy.engine.Engine: [cached since 0.03108s ago] ()
2022-05-11 22:50:34,677 [INFO] sqlalchemy.engine.Engine: ROLLBACK
